2025/06/20 02:54:00 Error opening stopwords file: open data/stopwords.txt: no such file or directory
2025/06/20 02:54:00 Error opening synonyms file: open data/synonyms.txt: no such file or directory
2025/06/20 02:54:00 Search engine initialized with 0 stop words and 0 synonym groups
2025/06/20 02:54:00 Starting SoulSearch HTTP server on port 8080
Starting SoulSearch server on http://localhost:8080...
2025/06/20 02:54:00 Starting SoulSearch HTTP server on port 8080
SoulSearch server running on http://localhost:8080
2025/06/20 02:54:00 Starting pre-indexing of common queries...
2025/06/20 02:54:00 Pre-indexing topic: duck
2025/06/20 02:54:00 Crawling: https://en.wikipedia.org/wiki/Duck
2025/06/20 02:54:00 Crawling: https://simple.wikipedia.org/wiki/Duck
2025/06/20 02:54:00 Received HTML content length: 119072 bytes for https://simple.wikipedia.org/wiki/Duck
2025/06/20 02:54:00 Main content extraction returned 0 characters
2025/06/20 02:54:00 Clean content extraction returned 0 characters
2025/06/20 02:54:00 Found 0 paragraph matches
2025/06/20 02:54:00 Extracted 0 paragraphs, total length: 0
2025/06/20 02:54:00 Paragraph content extraction returned 0 characters
2025/06/20 02:54:00 Received HTML content length: 254045 bytes for https://en.wikipedia.org/wiki/Duck
2025/06/20 02:54:00 Simple text extraction returned 4232 characters
2025/06/20 02:54:00 Main content extraction returned 0 characters
2025/06/20 02:54:00 Successfully crawled quality content from: https://simple.wikipedia.org/wiki/Duck (quality: 0.95)
2025/06/20 02:54:00 Clean content extraction returned 0 characters
2025/06/20 02:54:00 Found 0 paragraph matches
2025/06/20 02:54:00 Extracted 0 paragraphs, total length: 0
2025/06/20 02:54:00 Paragraph content extraction returned 0 characters
2025/06/20 02:54:00 Simple text extraction returned 5003 characters
2025/06/20 02:54:00 Pre-indexed 1 documents for topic: duck
2025/06/20 02:54:00 Pre-indexing topic: frog
2025/06/20 02:54:01 Crawling: https://simple.wikipedia.org/wiki/Frog
2025/06/20 02:54:01 Crawling: https://en.wikipedia.org/wiki/Frog
2025/06/20 02:54:01 Received HTML content length: 93235 bytes for https://simple.wikipedia.org/wiki/Frog
2025/06/20 02:54:01 Main content extraction returned 0 characters
2025/06/20 02:54:01 Clean content extraction returned 0 characters
2025/06/20 02:54:01 Found 0 paragraph matches
2025/06/20 02:54:01 Extracted 0 paragraphs, total length: 0
2025/06/20 02:54:01 Paragraph content extraction returned 0 characters
2025/06/20 02:54:01 Simple text extraction returned 5003 characters
2025/06/20 02:54:01 Received HTML content length: 802853 bytes for https://en.wikipedia.org/wiki/Frog
2025/06/20 02:54:01 Main content extraction returned 0 characters
2025/06/20 02:54:01 Clean content extraction returned 0 characters
2025/06/20 02:54:01 Found 0 paragraph matches
2025/06/20 02:54:01 Extracted 0 paragraphs, total length: 0
2025/06/20 02:54:01 Paragraph content extraction returned 0 characters
2025/06/20 02:54:01 Simple text extraction returned 5003 characters
2025/06/20 02:54:01 Successfully crawled quality content from: https://en.wikipedia.org/wiki/Frog (quality: 0.95)
2025/06/20 02:54:01 Pre-indexed 1 documents for topic: frog
2025/06/20 02:54:01 Pre-indexing topic: cat
2025/06/20 02:54:02 Crawling: https://simple.wikipedia.org/wiki/Cat
2025/06/20 02:54:02 Crawling: https://en.wikipedia.org/wiki/Cat
2025/06/20 02:54:02 Received HTML content length: 964210 bytes for https://en.wikipedia.org/wiki/Cat
2025/06/20 02:54:02 Main content extraction returned 0 characters
2025/06/20 02:54:02 Received HTML content length: 274553 bytes for https://simple.wikipedia.org/wiki/Cat
2025/06/20 02:54:02 Main content extraction returned 0 characters
2025/06/20 02:54:02 Clean content extraction returned 0 characters
2025/06/20 02:54:02 Found 0 paragraph matches
2025/06/20 02:54:02 Extracted 0 paragraphs, total length: 0
2025/06/20 02:54:02 Paragraph content extraction returned 0 characters
2025/06/20 02:54:02 Simple text extraction returned 5003 characters
2025/06/20 02:54:02 Clean content extraction returned 0 characters
2025/06/20 02:54:02 Successfully crawled quality content from: https://simple.wikipedia.org/wiki/Cat (quality: 0.95)
2025/06/20 02:54:02 Found 0 paragraph matches
2025/06/20 02:54:02 Extracted 0 paragraphs, total length: 0
2025/06/20 02:54:02 Paragraph content extraction returned 0 characters
2025/06/20 02:54:02 Simple text extraction returned 5003 characters
2025/06/20 02:54:02 Successfully crawled quality content from: https://en.wikipedia.org/wiki/Cat (quality: 0.95)
2025/06/20 02:54:02 Pre-indexed 2 documents for topic: cat
2025/06/20 02:54:02 Pre-indexing topic: dog
2025/06/20 02:54:03 Crawling: https://simple.wikipedia.org/wiki/Dog
2025/06/20 02:54:03 Crawling: https://en.wikipedia.org/wiki/Dog
2025/06/20 02:54:04 Received HTML content length: 352172 bytes for https://simple.wikipedia.org/wiki/Dog
2025/06/20 02:54:04 Received HTML content length: 1025545 bytes for https://en.wikipedia.org/wiki/Dog
2025/06/20 02:54:04 Main content extraction returned 0 characters
2025/06/20 02:54:04 Main content extraction returned 0 characters
2025/06/20 02:54:04 Clean content extraction returned 0 characters
2025/06/20 02:54:04 Found 0 paragraph matches
2025/06/20 02:54:04 Extracted 0 paragraphs, total length: 0
2025/06/20 02:54:04 Paragraph content extraction returned 0 characters
2025/06/20 02:54:04 Simple text extraction returned 5003 characters
2025/06/20 02:54:04 Successfully crawled quality content from: https://simple.wikipedia.org/wiki/Dog (quality: 0.95)
2025/06/20 02:54:04 Clean content extraction returned 0 characters
2025/06/20 02:54:04 Found 2 paragraph matches
2025/06/20 02:54:04 Sample paragraph 1: There are around 450 official dog breeds , the most of any mammal. [ 27 ] [ 29 ] Dogs began diversif...
2025/06/20 02:54:04 Sample paragraph 2: Recent research has failed to support earlier findings that pet ownership is associated with a reduc...
2025/06/20 02:54:04 Extracted 2 paragraphs, total length: 1557
2025/06/20 02:54:04 Paragraph content extraction returned 0 characters
2025/06/20 02:54:04 Simple text extraction returned 5003 characters
2025/06/20 02:54:04 Successfully crawled quality content from: https://en.wikipedia.org/wiki/Dog (quality: 0.95)
2025/06/20 02:54:04 Pre-indexed 2 documents for topic: dog
2025/06/20 02:54:04 Pre-indexing topic: covid
2025/06/20 02:54:04 Crawling: https://simple.wikipedia.org/wiki/COVID-19
2025/06/20 02:54:04 Crawling: https://en.wikipedia.org/wiki/COVID-19
2025/06/20 02:54:05 Received HTML content length: 714383 bytes for https://simple.wikipedia.org/wiki/COVID-19
2025/06/20 02:54:05 Received HTML content length: 1876035 bytes for https://en.wikipedia.org/wiki/COVID-19
2025/06/20 02:54:05 Main content extraction returned 0 characters
2025/06/20 02:54:05 Main content extraction returned 0 characters
2025/06/20 02:54:05 Clean content extraction returned 0 characters
2025/06/20 02:54:05 Found 0 paragraph matches
2025/06/20 02:54:05 Extracted 0 paragraphs, total length: 0
2025/06/20 02:54:05 Paragraph content extraction returned 0 characters
2025/06/20 02:54:05 Simple text extraction returned 5003 characters
2025/06/20 02:54:05 Successfully crawled quality content from: https://simple.wikipedia.org/wiki/COVID-19 (quality: 0.95)
2025/06/20 02:54:05 Clean content extraction returned 0 characters
2025/06/20 02:54:05 Found 0 paragraph matches
2025/06/20 02:54:05 Extracted 0 paragraphs, total length: 0
2025/06/20 02:54:05 Paragraph content extraction returned 0 characters
2025/06/20 02:54:05 Simple text extraction returned 5003 characters
2025/06/20 02:54:05 Successfully crawled quality content from: https://en.wikipedia.org/wiki/COVID-19 (quality: 0.95)
2025/06/20 02:54:05 Pre-indexed 2 documents for topic: covid
2025/06/20 02:54:05 Pre-indexing topic: mosquito
2025/06/20 02:54:05 Crawling: https://www.cdc.gov/zika/prevention/prevent-mosquito-bites.html
2025/06/20 02:54:05 Crawling: https://en.wikipedia.org/wiki/Mosquito_bite_prevention
2025/06/20 02:54:05 Non-200 status for https://en.wikipedia.org/wiki/Mosquito_bite_prevention: 404
2025/06/20 02:54:06 Crawling: https://en.wikipedia.org/wiki/Mosquito
2025/06/20 02:54:06 Received HTML content length: 545650 bytes for https://en.wikipedia.org/wiki/Mosquito
2025/06/20 02:54:06 Main content extraction returned 0 characters
2025/06/20 02:54:06 Clean content extraction returned 0 characters
2025/06/20 02:54:06 Found 0 paragraph matches
2025/06/20 02:54:06 Extracted 0 paragraphs, total length: 0
2025/06/20 02:54:06 Paragraph content extraction returned 0 characters
2025/06/20 02:54:06 Simple text extraction returned 5003 characters
2025/06/20 02:54:06 Successfully crawled quality content from: https://en.wikipedia.org/wiki/Mosquito (quality: 0.95)
2025/06/20 02:54:07 Non-200 status for https://www.cdc.gov/zika/prevention/prevent-mosquito-bites.html: 404
2025/06/20 02:54:07 Pre-indexed 1 documents for topic: mosquito
2025/06/20 02:54:07 Pre-indexing topic: hackclub
2025/06/20 02:54:07 Crawling: https://en.wikipedia.org/wiki/Hack_Club
2025/06/20 02:54:07 Crawling: https://hackclub.com
2025/06/20 02:54:07 Received HTML content length: 84839 bytes for https://en.wikipedia.org/wiki/Hack_Club
2025/06/20 02:54:07 Main content extraction returned 0 characters
2025/06/20 02:54:07 Clean content extraction returned 0 characters
2025/06/20 02:54:07 Found 0 paragraph matches
2025/06/20 02:54:07 Extracted 0 paragraphs, total length: 0
2025/06/20 02:54:07 Paragraph content extraction returned 0 characters
2025/06/20 02:54:07 Simple text extraction returned 3622 characters
2025/06/20 02:54:07 Successfully crawled quality content from: https://en.wikipedia.org/wiki/Hack_Club (quality: 0.95)
2025/06/20 02:54:08 Received HTML content length: 394031 bytes for https://hackclub.com
2025/06/20 02:54:08 Main content extraction returned 0 characters
2025/06/20 02:54:08 Clean content extraction returned 0 characters
2025/06/20 02:54:08 Found 33 paragraph matches
2025/06/20 02:54:08 Sample paragraph 1: This summer is yours for the making! Get free Flipper Zeros, Framework Laptops, 3D Printers, and mor...
2025/06/20 02:54:08 Sample paragraph 2: We are 77,613 teen hackers teen hackers from around the world who code together...
2025/06/20 02:54:08 Sample paragraph 3: Every day, thousands of Hack Clubbers gather online and in-person to make things with code. Whether ...
2025/06/20 02:54:08 Extracted 32 paragraphs, total length: 5295
2025/06/20 02:54:08 Paragraph content extraction returned 3266 characters
2025/06/20 02:54:08 Successfully crawled quality content from: https://hackclub.com (quality: 0.95)
2025/06/20 02:54:08 Pre-indexed 2 documents for topic: hackclub
2025/06/20 02:54:08 Pre-indexing topic: python
2025/06/20 02:54:08 Crawling: https://docs.python.org/3/
2025/06/20 02:54:08 Crawling: https://en.wikipedia.org/wiki/Python_(programming_language)
2025/06/20 02:54:08 Received HTML content length: 17833 bytes for https://docs.python.org/3/
2025/06/20 02:54:08 Main content extraction returned 0 characters
2025/06/20 02:54:08 Clean content extraction returned 0 characters
2025/06/20 02:54:08 Found 11 paragraph matches
2025/06/20 02:54:08 Extracted 0 paragraphs, total length: 0
2025/06/20 02:54:08 Paragraph content extraction returned 0 characters
2025/06/20 02:54:08 Simple text extraction returned 2556 characters
2025/06/20 02:54:08 Received HTML content length: 674992 bytes for https://en.wikipedia.org/wiki/Python_(programming_language)
2025/06/20 02:54:08 Main content extraction returned 0 characters
2025/06/20 02:54:08 Clean content extraction returned 0 characters
2025/06/20 02:54:08 Found 0 paragraph matches
2025/06/20 02:54:08 Extracted 0 paragraphs, total length: 0
2025/06/20 02:54:08 Paragraph content extraction returned 0 characters
2025/06/20 02:54:08 Simple text extraction returned 5003 characters
2025/06/20 02:54:08 Pre-indexed 0 documents for topic: python
2025/06/20 02:54:08 Search engine loaded with 1930 terms, 11 documents
2025/06/20 02:54:08 Sample indexed term: 'maintained'
2025/06/20 02:54:08 Sample indexed term: 'item'
2025/06/20 02:54:08 Sample indexed term: 'vaccination'
2025/06/20 02:54:08 Sample indexed term: 'erxleben'
2025/06/20 02:54:08 Sample indexed term: 'quick'
2025/06/20 02:54:08 Sample indexed term: 'lupus'
2025/06/20 02:54:08 Sample indexed term: 'january'
2025/06/20 02:54:08 Sample indexed term: 'orders'
2025/06/20 02:54:08 Sample indexed term: 'sockets'
2025/06/20 02:54:08 Sample indexed term: 'per'
2025/06/20 02:54:08 Pre-indexing completed. Loaded 11 documents into search index
2025/06/20 02:59:00 Background maintenance completed - cache size: 0
2025/06/20 03:04:00 Background maintenance completed - cache size: 0
